#
# A fatal error has been detected by the Java Runtime Environment:
#
#  EXCEPTION_ACCESS_VIOLATION (0xc0000005) at pc=0x00007ffb93df582d, pid=4640, tid=7664
#
# JRE version: Java(TM) SE Runtime Environment (15.0.2+7) (build 15.0.2+7-27)
# Java VM: Java HotSpot(TM) 64-Bit Server VM (15.0.2+7-27, mixed mode, sharing, tiered, compressed oops, g1 gc, windows-amd64)
# Problematic frame:
# V  [jvm.dll+0x29582d]
#
# No core dump will be written. Minidumps are not enabled by default on client versions of Windows
#
# If you would like to submit a bug report, please visit:
#   https://bugreport.java.com/bugreport/crash.jsp
#

---------------  S U M M A R Y ------------

Command Line: -XX:+UnlockExperimentalVMOptions -Djdk.tls.rejectClientInitiatedRenegotiation=true -XX:+UseG1GC -XX:-UseBiasedLocking -XX:+TrustFinalNonStaticFields -Dlog4j2.disable.jmx=true -XX:FlightRecorderOptions=stackdepth=256 -XX:+AlwaysPreTouch -XX:+UnlockDiagnosticVMOptions -Djdk.tls.ephemeralDHKeySize=2048 -Djdk.nio.maxCachedBufferSize=262144 -Dio.netty.tryReflectionSetAccessible=true -XX:-OmitStackTraceInFastThrow -XX:+DebugNonSafepoints -XX:+DisableExplicitGC -XX:MaxInlineLevel=15 -Dfile.encoding=UTF-8 exit abort 

Host: Intel(R) Core(TM) i5-10300H CPU @ 2.50GHz, 4 cores, 7G,  Windows 10 , 64 bit Build 19041 (10.0.19041.1023)
Time: Tue Jun 15 02:10:37 2021 Œrodkowoeuropejski czas letni elapsed time: 9.353949 seconds (0d 0h 0m 9s)

---------------  T H R E A D  ---------------

Current thread (0x00000000208e7a60):  VMThread "VM Thread" [stack: 0x0000000021170000,0x0000000021270000] [id=7664] _threads_hazard_ptr=0x0000000022ee19d0

Stack: [0x0000000021170000,0x0000000021270000],  sp=0x000000002126de20,  free space=1015k
Native frames: (J=compiled Java code, j=interpreted, Vv=VM code, C=native code)
V  [jvm.dll+0x29582d]
V  [jvm.dll+0x73f3af]
V  [jvm.dll+0x314888]
V  [jvm.dll+0x315dbf]
V  [jvm.dll+0x314b70]
V  [jvm.dll+0x78426b]
V  [jvm.dll+0x7880a3]
V  [jvm.dll+0x788abb]
V  [jvm.dll+0x788b9e]
V  [jvm.dll+0x73d75a]
V  [jvm.dll+0x629c56]
C  [ucrtbase.dll+0x21bb2]
C  [KERNEL32.DLL+0x17034]
C  [ntdll.dll+0x52651]


siginfo: EXCEPTION_ACCESS_VIOLATION (0xc0000005), reading address 0x0000000000000000


Register to memory mapping:

RIP=0x00007ffb93df582d jvm.dll
RAX=0x0 is NULL
RBX=0x000000002126deb0 points into unknown readable memory: 0x0000000001a2cc88 | 88 cc a2 01 00 00 00 00
RCX=0x0 is NULL
RDX=0x0000000000000003 is an unknown value
RSP=0x000000002126de20 points into unknown readable memory: 0x000000002126deb0 | b0 de 26 21 00 00 00 00
RBP=0x0000000001a2cc88 is pointing into the stack for thread: 0x0000000002252b00
RSI=0x000000002126df10 points into unknown readable memory: 0x0000000000000000 | 00 00 00 00 00 00 00 00
RDI=0x000000002126dee0 points into unknown readable memory: 0x0000000001a2cc00 | 00 cc a2 01 00 00 00 00
R8 =0x0 is NULL
R9 =0x0000000000000003 is an unknown value
R10=0x0000000000c3cdc0 points into unknown readable memory: 0x000000000225f700 | 00 f7 25 02 00 00 00 00
R11=0x0000000000000246 is an unknown value
R12=0x000000053d7b207c is an unknown value
R13=0x00000000022b7200 points into unknown readable memory: 0x8000000b00000001 | 01 00 00 00 0b 00 00 80
R14=0x0 is NULL
R15=0x0 is NULL


Registers:
RAX=0x0000000000000000, RBX=0x000000002126deb0, RCX=0x0000000000000000, RDX=0x0000000000000003
RSP=0x000000002126de20, RBP=0x0000000001a2cc88, RSI=0x000000002126df10, RDI=0x000000002126dee0
R8 =0x0000000000000000, R9 =0x0000000000000003, R10=0x0000000000c3cdc0, R11=0x0000000000000246
R12=0x000000053d7b207c, R13=0x00000000022b7200, R14=0x0000000000000000, R15=0x0000000000000000
RIP=0x00007ffb93df582d, EFLAGS=0x0000000000010246

Top of Stack: (sp=0x000000002126de20)
0x000000002126de20:   000000002126deb0 00007ffb93df4b9e
0x000000002126de30:   000000000a498a90 0000000000000000
0x000000002126de40:   000000000192aac0 0000000000000000
0x000000002126de50:   0000000002252b00 00007ffb9429f3af
0x000000002126de60:   0000000002252b00 000000000192aac0
0x000000002126de70:   0000000000000007 00000000208d9b68
0x000000002126de80:   000000002c2df470 000000000a490f90
0x000000002126de90:   000000000a490e10 0000000000000000
0x000000002126dea0:   000000002c2df650 000000002c2df470
0x000000002126deb0:   0000000001a2cc88 0000000000000000
0x000000002126dec0:   0000000000000000 0000000000000000
0x000000002126ded0:   0000000000000000 0000000000000000
0x000000002126dee0:   0000000001a2cc00 000000000a49f148
0x000000002126def0:   000000000a498a90 0000000000000000
0x000000002126df00:   0000000001a2cc78 0000000001a2cc00
0x000000002126df10:   0000000000000000 0000000000000000 

Instructions: (pc=0x00007ffb93df582d)
0x00007ffb93df572d:   b8 20 12 00 00 00 48 8b 47 20 4c 8b 70 f8 48 8d
0x00007ffb93df573d:   68 10 74 0f 48 8b d0 48 8b ce e8 34 01 00 00 48
0x00007ffb93df574d:   8b 47 20 48 8b 48 08 48 8b 00 48 89 43 20 48 89
0x00007ffb93df575d:   2b 4c 89 73 28 48 89 4b 08 e8 35 17 f4 ff 48 8b
0x00007ffb93df576d:   cb 48 89 43 10 e8 19 f6 ff ff 48 85 c0 0f 84 a9
0x00007ffb93df577d:   00 00 00 b9 01 00 00 00 48 89 43 08 89 4b 18 e9
0x00007ffb93df578d:   c5 00 00 00 48 8b 57 10 48 85 d2 0f 84 a1 00 00
0x00007ffb93df579d:   00 41 80 b8 20 12 00 00 00 48 63 4a 1c 48 8b 47
0x00007ffb93df57ad:   28 48 8d 2c c8 4c 89 7c 24 50 4c 8b 7d f8 74 2d
0x00007ffb93df57bd:   0f b6 42 58 41 88 80 10 12 00 00 48 8b 47 10 48
0x00007ffb93df57cd:   83 78 50 00 74 0b 48 8b d6 48 8b cf e8 d2 3d 38
0x00007ffb93df57dd:   00 48 8d 55 f0 48 8b ce e8 96 00 00 00 48 8b 45
0x00007ffb93df57ed:   f0 49 8b cf 48 89 43 20 48 89 2b 48 89 6b 28 4c
0x00007ffb93df57fd:   89 7b 08 e8 9b 16 f4 ff 48 8b cb 48 89 43 10 e8
0x00007ffb93df580d:   7f f5 ff ff 4c 8b 7c 24 50 48 85 c0 74 0e b9 01
0x00007ffb93df581d:   00 00 00 48 89 43 08 89 4b 18 eb 2d 48 8b 4b 10
0x00007ffb93df582d:   48 8b 01 ff 50 20 33 c9 84 c0 0f 95 c1 89 4b 18
0x00007ffb93df583d:   eb 17 4c 8b 47 20 48 8b cb 4d 8b 48 08 49 8d 50
0x00007ffb93df584d:   10 4d 8b 00 e8 ca f4 ff ff 48 8b 6c 24 40 48 8b
0x00007ffb93df585d:   c3 4c 8b 74 24 48 48 83 c4 20 5f 5e 5b c3 cc cc
0x00007ffb93df586d:   cc cc cc 48 8b 41 20 48 89 50 f8 c3 cc cc cc cc
0x00007ffb93df587d:   cc cc cc 48 8b 05 c9 43 64 00 4c 8b d2 48 3b 05
0x00007ffb93df588d:   8f 43 64 00 4c 8b c9 49 c7 c0 ff ff ff ff 75 05
0x00007ffb93df589d:   49 8b c0 eb 04 03 c0 48 98 4c 89 14 c1 48 99 83
0x00007ffb93df58ad:   e2 3f 48 03 c2 48 8b c8 83 e0 3f 48 c1 f9 06 48
0x00007ffb93df58bd:   2b c2 48 63 c9 49 8d 14 c9 48 8b 8a c8 11 00 00
0x00007ffb93df58cd:   48 0f ab c1 48 89 8a c8 11 00 00 48 8b 05 71 43
0x00007ffb93df58dd:   64 00 48 3b 05 3a 43 64 00 74 05 03 c0 4c 63 c0
0x00007ffb93df58ed:   4f 89 54 c1 08 49 8d 40 01 48 99 83 e2 3f 48 03
0x00007ffb93df58fd:   c2 48 8b c8 83 e0 3f 48 c1 f9 06 48 2b c2 48 63
0x00007ffb93df590d:   c9 49 8d 14 c9 48 8b 8a c8 11 00 00 48 0f ab c1
0x00007ffb93df591d:   48 89 8a c8 11 00 00 c3 cc cc cc cc cc cc cc cc 


Stack slot to memory mapping:
stack at sp + 0 slots: 0x000000002126deb0 points into unknown readable memory: 0x0000000001a2cc88 | 88 cc a2 01 00 00 00 00
stack at sp + 1 slots: 0x00007ffb93df4b9e jvm.dll
stack at sp + 2 slots: 0x000000000a498a90 is at code_begin+-112 in 
[CodeBlob (0x000000000a498a90)]
Framesize: 0
BufferBlob (0x000000000a498a90) used for Interpreter
stack at sp + 3 slots: 0x0 is NULL
stack at sp + 4 slots: 0x000000000192aac0 is pointing into the stack for thread: 0x0000000024be9af0
stack at sp + 5 slots: 0x0 is NULL
stack at sp + 6 slots: 0x0000000002252b00 is a thread
stack at sp + 7 slots: 0x00007ffb9429f3af jvm.dll

VM_Operation (0x000000000192aad0): HandshakeAllThreads, mode: no safepoint, requested by thread 0x0000000024be9af0


---------------  P R O C E S S  ---------------

Threads class SMR info:
_java_thread_list=0x0000000022ee19d0, length=30, elements={
0x0000000002252b00, 0x00000000208eb9d0, 0x00000000208ec5a0, 0x0000000020903ef0,
0x00000000209049a0, 0x0000000020907460, 0x00000000209082f0, 0x0000000020908e90,
0x0000000021a90060, 0x0000000021c9b5c0, 0x0000000021cab380, 0x00000000235da6c0,
0x0000000024be9af0, 0x000000002463af40, 0x0000000023a73830, 0x0000000023c0bb20,
0x00000000239c3d20, 0x00000000239c46c0, 0x00000000239c2510, 0x00000000239c3850,
0x00000000239c29e0, 0x00000000239c4b90, 0x00000000239c5060, 0x00000000239c2eb0,
0x0000000025d46e50, 0x0000000025d45170, 0x0000000025d48190, 0x0000000025d4ace0,
0x0000000025d49e70, 0x0000000025d43e30
}

Java Threads: ( => current thread )
  0x0000000002252b00 JavaThread "main" [_thread_in_native, id=7048, stack(0x0000000001930000,0x0000000001a30000)]
  0x00000000208eb9d0 JavaThread "Reference Handler" daemon [_thread_blocked, id=7768, stack(0x0000000021270000,0x0000000021370000)]
  0x00000000208ec5a0 JavaThread "Finalizer" daemon [_thread_blocked, id=7772, stack(0x0000000021370000,0x0000000021470000)]
  0x0000000020903ef0 JavaThread "Signal Dispatcher" daemon [_thread_blocked, id=7884, stack(0x0000000021580000,0x0000000021680000)]
  0x00000000209049a0 JavaThread "Attach Listener" daemon [_thread_blocked, id=7888, stack(0x0000000021680000,0x0000000021780000)]
  0x0000000020907460 JavaThread "Service Thread" daemon [_thread_blocked, id=7892, stack(0x0000000021780000,0x0000000021880000)]
  0x00000000209082f0 JavaThread "C2 CompilerThread0" daemon [_thread_blocked, id=7896, stack(0x0000000021880000,0x0000000021980000)]
  0x0000000020908e90 JavaThread "C1 CompilerThread0" daemon [_thread_blocked, id=7916, stack(0x0000000021980000,0x0000000021a80000)]
  0x0000000021a90060 JavaThread "Sweeper thread" daemon [_thread_blocked, id=7924, stack(0x0000000021e80000,0x0000000021f80000)]
  0x0000000021c9b5c0 JavaThread "Common-Cleaner" daemon [_thread_blocked, id=8024, stack(0x0000000021f80000,0x0000000022080000)]
  0x0000000021cab380 JavaThread "Notification Thread" daemon [_thread_blocked, id=8032, stack(0x0000000022080000,0x0000000022180000)]
  0x00000000235da6c0 JavaThread "ForkJoinPool.commonPool-worker-3" daemon [_thread_blocked, id=8596, stack(0x0000000024050000,0x0000000024150000)]
  0x0000000024be9af0 JavaThread "neo4j.Scheduler-1" daemon [_thread_blocked, id=9092, stack(0x0000000001830000,0x0000000001930000)]
  0x000000002463af40 JavaThread "Cleaner-0" daemon [_thread_blocked, id=8860, stack(0x0000000022c80000,0x0000000022d80000)]
  0x0000000023a73830 JavaThread "FileSystemWatchService" daemon [_thread_in_native, id=6296, stack(0x0000000027a30000,0x0000000027b30000)]
  0x0000000023c0bb20 JavaThread "neo4j.ServerTransactionTimeout-1" daemon [_thread_blocked, id=8716, stack(0x0000000029700000,0x0000000029800000)]
  0x00000000239c3d20 JavaThread "neo4j.BoltWorker-1 [bolt]" [_thread_blocked, id=8440, stack(0x0000000029a00000,0x0000000029b00000)]
  0x00000000239c46c0 JavaThread "neo4j.BoltWorker-2 [bolt]" [_thread_blocked, id=8576, stack(0x0000000029b00000,0x0000000029c00000)]
  0x00000000239c2510 JavaThread "neo4j.BoltWorker-3 [bolt]" [_thread_blocked, id=6548, stack(0x0000000029c00000,0x0000000029d00000)]
  0x00000000239c3850 JavaThread "neo4j.BoltWorker-4 [bolt]" [_thread_blocked, id=8292, stack(0x0000000029d00000,0x0000000029e00000)]
  0x00000000239c29e0 JavaThread "neo4j.BoltWorker-5 [bolt]" [_thread_blocked, id=6684, stack(0x0000000029e00000,0x0000000029f00000)]
  0x00000000239c4b90 JavaThread "neo4j.VmPauseMonitor-1" daemon [_thread_blocked, id=5848, stack(0x000000002a100000,0x000000002a200000)]
  0x00000000239c5060 JavaThread "neo4j.FileWatcher-1" daemon [_thread_blocked, id=6712, stack(0x000000002a200000,0x000000002a300000)]
  0x00000000239c2eb0 JavaThread "MuninnPageCache[1]-EvictionTask" daemon [_thread_blocked, id=8740, stack(0x000000002a400000,0x000000002a500000)]
  0x0000000025d46e50 JavaThread "neo4j.StorageMaintenance-1" daemon [_thread_blocked, id=8868, stack(0x000000002b8d0000,0x000000002b9d0000)]
  0x0000000025d45170 JavaThread "neo4j.IndexSampling-1" daemon [_thread_blocked, id=8444, stack(0x000000002bce0000,0x000000002bde0000)]
  0x0000000025d48190 JavaThread "neo4j.TransactionTimeoutMonitor-1" daemon [_thread_blocked, id=8392, stack(0x000000002bde0000,0x000000002bee0000)]
  0x0000000025d4ace0 JavaThread "neo4j.TransactionTimeoutMonitor-2" daemon [_thread_blocked, id=5892, stack(0x000000002bee0000,0x000000002bfe0000)]
  0x0000000025d49e70 JavaThread "neo4j.DatabaseIdRepository-1" daemon [_thread_blocked, id=6800, stack(0x000000002c1e0000,0x000000002c2e0000)]
  0x0000000025d43e30 JavaThread "DestroyJavaVM" [_thread_blocked, id=6396, stack(0x0000000001930000,0x0000000001a30000)]

Other Threads:
=>0x00000000208e7a60 VMThread "VM Thread" [stack: 0x0000000021170000,0x0000000021270000] [id=7664]
  0x0000000021cafa80 WatcherThread [stack: 0x0000000022180000,0x0000000022280000] [id=8048]
  0x0000000002293610 GCTaskThread "GC Thread#0" [stack: 0x00000000020c0000,0x00000000021c0000] [id=7292]
  0x0000000021ca0150 GCTaskThread "GC Thread#1" [stack: 0x0000000022a80000,0x0000000022b80000] [id=5908]
  0x0000000021ca07b0 GCTaskThread "GC Thread#2" [stack: 0x0000000022b80000,0x0000000022c80000] [id=6728]
  0x0000000021ca1ad0 GCTaskThread "GC Thread#3" [stack: 0x000000002a300000,0x000000002a400000] [id=6056]
  0x00000000022a4220 ConcurrentGCThread "G1 Main Marker" [stack: 0x000000001df20000,0x000000001e020000] [id=7296]
  0x00000000022a4e10 ConcurrentGCThread "G1 Conc#0" [stack: 0x000000001e020000,0x000000001e120000] [id=7300]
  0x000000000231d540 ConcurrentGCThread "G1 Refine#0" [stack: 0x0000000020570000,0x0000000020670000] [id=7624]
  0x000000000231e140 ConcurrentGCThread "G1 Young RemSet Sampling" [stack: 0x0000000020670000,0x0000000020770000] [id=7628]

Threads with active compile tasks:

VM state: not at safepoint (normal execution)

VM Mutex/Monitor currently owned by a thread:  ([mutex/lock_event])
[0x000000000224edb0] Compile_lock - owner thread: 0x0000000024be9af0

Heap address: 0x0000000082a00000, size: 2006 MB, Compressed Oops mode: 32-bit
CDS archive(s) mapped at: [0x0000000800000000-0x0000000800b50000-0x0000000800b50000), size 11862016, SharedBaseAddress: 0x0000000800000000, ArchiveRelocationMode: 0.
Compressed class space mapped at: 0x0000000800b50000-0x0000000840b50000, size: 1073741824
Narrow klass base: 0x0000000800000000, Narrow klass shift: 3, Narrow klass range: 0x100000000

GC Precious Log:
 CPUs: 4 total, 4 available
 Memory: 8023M
 Large Page Support: Disabled
 NUMA Support: Disabled
 Compressed Oops: Enabled (32-bit)
 Heap Region Size: 1M
 Heap Min Capacity: 8M
 Heap Initial Capacity: 126M
 Heap Max Capacity: 2006M
 Pre-touch: Enabled
 Parallel Workers: 4
 Concurrent Workers: 1
 Concurrent Refinement Workers: 4
 Periodic GC: Disabled

Heap:
 garbage-first heap   total 89088K, used 40830K [0x0000000082a00000, 0x0000000100000000)
  region size 1024K, 17 young (17408K), 5 survivors (5120K)
 Metaspace       used 49646K, capacity 50361K, committed 50512K, reserved 1093632K
  class space    used 6455K, capacity 6718K, committed 6784K, reserved 1048576K

Heap Regions: E=young(eden), S=young(survivor), O=old, HS=humongous(starts), HC=humongous(continues), CS=collection set, F=free, OA=open archive, CA=closed archive, TAMS=top-at-mark-start (previous, next)
|   0|0x0000000082a00000, 0x0000000082b00000, 0x0000000082b00000|100%| O|  |TAMS 0x0000000082b00000, 0x0000000082a00000| Untracked 
|   1|0x0000000082b00000, 0x0000000082c00000, 0x0000000082c00000|100%| O|  |TAMS 0x0000000082c00000, 0x0000000082b00000| Untracked 
|   2|0x0000000082c00000, 0x0000000082d00000, 0x0000000082d00000|100%| O|  |TAMS 0x0000000082d00000, 0x0000000082c00000| Untracked 
|   3|0x0000000082d00000, 0x0000000082e00000, 0x0000000082e00000|100%| O|  |TAMS 0x0000000082e00000, 0x0000000082d00000| Untracked 
|   4|0x0000000082e00000, 0x0000000082effff8, 0x0000000082f00000| 99%| O|  |TAMS 0x0000000082effff8, 0x0000000082e00000| Untracked 
|   5|0x0000000082f00000, 0x0000000083000000, 0x0000000083000000|100%| O|  |TAMS 0x0000000083000000, 0x0000000082f00000| Untracked 
|   6|0x0000000083000000, 0x0000000083100000, 0x0000000083100000|100%| O|  |TAMS 0x0000000083100000, 0x0000000083000000| Untracked 
|   7|0x0000000083100000, 0x0000000083200000, 0x0000000083200000|100%| O|  |TAMS 0x0000000083200000, 0x0000000083100000| Untracked 
|   8|0x0000000083200000, 0x0000000083300000, 0x0000000083300000|100%| O|  |TAMS 0x0000000083300000, 0x0000000083200000| Untracked 
|   9|0x0000000083300000, 0x0000000083400000, 0x0000000083400000|100%| O|  |TAMS 0x0000000083400000, 0x0000000083300000| Untracked 
|  10|0x0000000083400000, 0x0000000083500000, 0x0000000083500000|100%| O|  |TAMS 0x0000000083500000, 0x0000000083400000| Untracked 
|  11|0x0000000083500000, 0x0000000083600000, 0x0000000083600000|100%| O|  |TAMS 0x0000000083600000, 0x0000000083500000| Untracked 
|  12|0x0000000083600000, 0x0000000083619000, 0x0000000083700000|  9%| O|  |TAMS 0x0000000083619000, 0x0000000083600000| Untracked 
|  13|0x0000000083700000, 0x0000000083800000, 0x0000000083800000|100%| O|  |TAMS 0x0000000083800000, 0x0000000083700000| Untracked 
|  14|0x0000000083800000, 0x0000000083900000, 0x0000000083900000|100%| O|  |TAMS 0x0000000083900000, 0x0000000083800000| Untracked 
|  15|0x0000000083900000, 0x0000000083a00000, 0x0000000083a00000|100%| O|  |TAMS 0x0000000083a00000, 0x0000000083900000| Untracked 
|  16|0x0000000083a00000, 0x0000000083b00000, 0x0000000083b00000|100%| O|  |TAMS 0x0000000083b00000, 0x0000000083a00000| Untracked 
|  17|0x0000000083b00000, 0x0000000083c00000, 0x0000000083c00000|100%| O|  |TAMS 0x0000000083c00000, 0x0000000083b00000| Untracked 
|  18|0x0000000083c00000, 0x0000000083d00000, 0x0000000083d00000|100%| O|  |TAMS 0x0000000083d00000, 0x0000000083c00000| Untracked 
|  19|0x0000000083d00000, 0x0000000083e00000, 0x0000000083e00000|100%| O|  |TAMS 0x0000000083e00000, 0x0000000083d00000| Untracked 
|  20|0x0000000083e00000, 0x0000000083f00000, 0x0000000083f00000|100%| O|  |TAMS 0x0000000083f00000, 0x0000000083e00000| Untracked 
|  21|0x0000000083f00000, 0x0000000084000000, 0x0000000084000000|100%| O|  |TAMS 0x0000000084000000, 0x0000000083f00000| Untracked 
|  22|0x0000000084000000, 0x0000000084000000, 0x0000000084100000|  0%| F|  |TAMS 0x0000000084000000, 0x0000000084000000| Untracked 
|  23|0x0000000084100000, 0x0000000084100000, 0x0000000084200000|  0%| F|  |TAMS 0x0000000084100000, 0x0000000084100000| Untracked 
|  24|0x0000000084200000, 0x0000000084200000, 0x0000000084300000|  0%| F|  |TAMS 0x0000000084200000, 0x0000000084200000| Untracked 
|  25|0x0000000084300000, 0x0000000084300000, 0x0000000084400000|  0%| F|  |TAMS 0x0000000084300000, 0x0000000084300000| Untracked 
|  26|0x0000000084400000, 0x0000000084400000, 0x0000000084500000|  0%| F|  |TAMS 0x0000000084400000, 0x0000000084400000| Untracked 
|  27|0x0000000084500000, 0x00000000845d1400, 0x0000000084600000| 81%| O|  |TAMS 0x00000000845d1400, 0x0000000084500000| Untracked 
|  28|0x0000000084600000, 0x0000000084600000, 0x0000000084700000|  0%| F|  |TAMS 0x0000000084600000, 0x0000000084600000| Untracked 
|  29|0x0000000084700000, 0x0000000084700000, 0x0000000084800000|  0%| F|  |TAMS 0x0000000084700000, 0x0000000084700000| Untracked 
|  30|0x0000000084800000, 0x0000000084800000, 0x0000000084900000|  0%| F|  |TAMS 0x0000000084800000, 0x0000000084800000| Untracked 
|  31|0x0000000084900000, 0x0000000084900000, 0x0000000084a00000|  0%| F|  |TAMS 0x0000000084900000, 0x0000000084900000| Untracked 
|  32|0x0000000084a00000, 0x0000000084a00000, 0x0000000084b00000|  0%| F|  |TAMS 0x0000000084a00000, 0x0000000084a00000| Untracked 
|  33|0x0000000084b00000, 0x0000000084b00000, 0x0000000084c00000|  0%| F|  |TAMS 0x0000000084b00000, 0x0000000084b00000| Untracked 
|  34|0x0000000084c00000, 0x0000000084d00000, 0x0000000084d00000|100%| O|  |TAMS 0x0000000084c00000, 0x0000000084c00000| Untracked 
|  35|0x0000000084d00000, 0x0000000084e00000, 0x0000000084e00000|100%| O|  |TAMS 0x0000000084d00000, 0x0000000084d00000| Untracked 
|  36|0x0000000084e00000, 0x0000000084eadc00, 0x0000000084f00000| 67%| O|  |TAMS 0x0000000084e00000, 0x0000000084e00000| Untracked 
|  37|0x0000000084f00000, 0x0000000084f00000, 0x0000000085000000|  0%| F|  |TAMS 0x0000000084f00000, 0x0000000084f00000| Untracked 
|  38|0x0000000085000000, 0x0000000085000000, 0x0000000085100000|  0%| F|  |TAMS 0x0000000085000000, 0x0000000085000000| Untracked 
|  39|0x0000000085100000, 0x0000000085100000, 0x0000000085200000|  0%| F|  |TAMS 0x0000000085100000, 0x0000000085100000| Untracked 
|  40|0x0000000085200000, 0x0000000085200000, 0x0000000085300000|  0%| F|  |TAMS 0x0000000085200000, 0x0000000085200000| Untracked 
|  41|0x0000000085300000, 0x0000000085300000, 0x0000000085400000|  0%| F|  |TAMS 0x0000000085300000, 0x0000000085300000| Untracked 
|  42|0x0000000085400000, 0x0000000085400000, 0x0000000085500000|  0%| F|  |TAMS 0x0000000085400000, 0x0000000085400000| Untracked 
|  43|0x0000000085500000, 0x0000000085547b20, 0x0000000085600000| 28%| S|CS|TAMS 0x0000000085500000, 0x0000000085500000| Complete 
|  44|0x0000000085600000, 0x0000000085700000, 0x0000000085700000|100%| S|CS|TAMS 0x0000000085600000, 0x0000000085600000| Complete 
|  45|0x0000000085700000, 0x0000000085700000, 0x0000000085800000|  0%| F|  |TAMS 0x0000000085700000, 0x0000000085700000| Untracked 
|  46|0x0000000085800000, 0x0000000085800000, 0x0000000085900000|  0%| F|  |TAMS 0x0000000085800000, 0x0000000085800000| Untracked 
|  47|0x0000000085900000, 0x0000000085a00000, 0x0000000085a00000|100%| S|CS|TAMS 0x0000000085900000, 0x0000000085900000| Complete 
|  48|0x0000000085a00000, 0x0000000085b00000, 0x0000000085b00000|100%| S|CS|TAMS 0x0000000085a00000, 0x0000000085a00000| Complete 
|  49|0x0000000085b00000, 0x0000000085c00000, 0x0000000085c00000|100%| S|CS|TAMS 0x0000000085b00000, 0x0000000085b00000| Complete 
|  50|0x0000000085c00000, 0x0000000085c00000, 0x0000000085d00000|  0%| F|  |TAMS 0x0000000085c00000, 0x0000000085c00000| Untracked 
|  51|0x0000000085d00000, 0x0000000085d00000, 0x0000000085e00000|  0%| F|  |TAMS 0x0000000085d00000, 0x0000000085d00000| Untracked 
|  52|0x0000000085e00000, 0x0000000085e00000, 0x0000000085f00000|  0%| F|  |TAMS 0x0000000085e00000, 0x0000000085e00000| Untracked 
|  53|0x0000000085f00000, 0x0000000085f00000, 0x0000000086000000|  0%| F|  |TAMS 0x0000000085f00000, 0x0000000085f00000| Untracked 
|  54|0x0000000086000000, 0x0000000086000000, 0x0000000086100000|  0%| F|  |TAMS 0x0000000086000000, 0x0000000086000000| Untracked 
|  55|0x0000000086100000, 0x0000000086100000, 0x0000000086200000|  0%| F|  |TAMS 0x0000000086100000, 0x0000000086100000| Untracked 
|  56|0x0000000086200000, 0x0000000086200000, 0x0000000086300000|  0%| F|  |TAMS 0x0000000086200000, 0x0000000086200000| Untracked 
|  57|0x0000000086300000, 0x0000000086300000, 0x0000000086400000|  0%| F|  |TAMS 0x0000000086300000, 0x0000000086300000| Untracked 
|  58|0x0000000086400000, 0x0000000086400000, 0x0000000086500000|  0%| F|  |TAMS 0x0000000086400000, 0x0000000086400000| Untracked 
|  59|0x0000000086500000, 0x0000000086500000, 0x0000000086600000|  0%| F|  |TAMS 0x0000000086500000, 0x0000000086500000| Untracked 
|  60|0x0000000086600000, 0x0000000086600000, 0x0000000086700000|  0%| F|  |TAMS 0x0000000086600000, 0x0000000086600000| Untracked 
|  61|0x0000000086700000, 0x0000000086700000, 0x0000000086800000|  0%| F|  |TAMS 0x0000000086700000, 0x0000000086700000| Untracked 
|  62|0x0000000086800000, 0x0000000086800000, 0x0000000086900000|  0%| F|  |TAMS 0x0000000086800000, 0x0000000086800000| Untracked 
|  63|0x0000000086900000, 0x0000000086900000, 0x0000000086a00000|  0%| F|  |TAMS 0x0000000086900000, 0x0000000086900000| Untracked 
|  64|0x0000000086a00000, 0x0000000086a00000, 0x0000000086b00000|  0%| F|  |TAMS 0x0000000086a00000, 0x0000000086a00000| Untracked 
|  65|0x0000000086b00000, 0x0000000086b00000, 0x0000000086c00000|  0%| F|  |TAMS 0x0000000086b00000, 0x0000000086b00000| Untracked 
|  66|0x0000000086c00000, 0x0000000086c00000, 0x0000000086d00000|  0%| F|  |TAMS 0x0000000086c00000, 0x0000000086c00000| Untracked 
|  67|0x0000000086d00000, 0x0000000086d00000, 0x0000000086e00000|  0%| F|  |TAMS 0x0000000086d00000, 0x0000000086d00000| Untracked 
|  68|0x0000000086e00000, 0x0000000086e00000, 0x0000000086f00000|  0%| F|  |TAMS 0x0000000086e00000, 0x0000000086e00000| Untracked 
|  69|0x0000000086f00000, 0x0000000086f00000, 0x0000000087000000|  0%| F|  |TAMS 0x0000000086f00000, 0x0000000086f00000| Untracked 
|  70|0x0000000087000000, 0x0000000087000000, 0x0000000087100000|  0%| F|  |TAMS 0x0000000087000000, 0x0000000087000000| Untracked 
|  71|0x0000000087100000, 0x0000000087100000, 0x0000000087200000|  0%| F|  |TAMS 0x0000000087100000, 0x0000000087100000| Untracked 
|  72|0x0000000087200000, 0x0000000087200000, 0x0000000087300000|  0%| F|  |TAMS 0x0000000087200000, 0x0000000087200000| Untracked 
|  73|0x0000000087300000, 0x0000000087300000, 0x0000000087400000|  0%| F|  |TAMS 0x0000000087300000, 0x0000000087300000| Untracked 
|  74|0x0000000087400000, 0x0000000087400000, 0x0000000087500000|  0%| F|  |TAMS 0x0000000087400000, 0x0000000087400000| Untracked 
|  75|0x0000000087500000, 0x0000000087520298, 0x0000000087600000| 12%| E|  |TAMS 0x0000000087500000, 0x0000000087500000| Complete 
|  76|0x0000000087600000, 0x0000000087700000, 0x0000000087700000|100%| E|CS|TAMS 0x0000000087600000, 0x0000000087600000| Complete 
|  77|0x0000000087700000, 0x0000000087800000, 0x0000000087800000|100%| E|CS|TAMS 0x0000000087700000, 0x0000000087700000| Complete 
|  78|0x0000000087800000, 0x0000000087900000, 0x0000000087900000|100%| E|CS|TAMS 0x0000000087800000, 0x0000000087800000| Complete 
|  79|0x0000000087900000, 0x0000000087a00000, 0x0000000087a00000|100%| E|CS|TAMS 0x0000000087900000, 0x0000000087900000| Complete 
|  80|0x0000000087a00000, 0x0000000087b00000, 0x0000000087b00000|100%| E|CS|TAMS 0x0000000087a00000, 0x0000000087a00000| Complete 
|  81|0x0000000087b00000, 0x0000000087c00000, 0x0000000087c00000|100%| E|CS|TAMS 0x0000000087b00000, 0x0000000087b00000| Complete 
|  82|0x0000000087c00000, 0x0000000087d00000, 0x0000000087d00000|100%| E|CS|TAMS 0x0000000087c00000, 0x0000000087c00000| Complete 
|  83|0x0000000087d00000, 0x0000000087e00000, 0x0000000087e00000|100%| E|CS|TAMS 0x0000000087d00000, 0x0000000087d00000| Complete 
|  84|0x0000000087e00000, 0x0000000087f00000, 0x0000000087f00000|100%| E|CS|TAMS 0x0000000087e00000, 0x0000000087e00000| Complete 
|  85|0x0000000087f00000, 0x0000000088000000, 0x0000000088000000|100%| E|CS|TAMS 0x0000000087f00000, 0x0000000087f00000| Complete 
| 125|0x000000008a700000, 0x000000008a800000, 0x000000008a800000|100%| E|CS|TAMS 0x000000008a700000, 0x000000008a700000| Complete 

Card table byte_map: [0x0000000019880000,0x0000000019c70000] _byte_map_base: 0x000000001946b000

Marking Bits (Prev, Next): (CMBitMap*) 0x0000000002293e00, (CMBitMap*) 0x0000000002293e40
 Prev Bits: [0x000000001a060000, 0x000000001bfb8000)
 Next Bits: [0x000000001bfc0000, 0x000000001df18000)

Polling page: 0x0000000000e70000

Metaspace:

Usage:
  Non-class:     42.62 MB capacity,    42.18 MB ( 99%) used,   371.91 KB ( <1%) free+waste,    80.19 KB ( <1%) overhead. 
      Class:      6.56 MB capacity,     6.30 MB ( 96%) used,   229.70 KB (  3%) free+waste,    33.00 KB ( <1%) overhead. 
       Both:     49.18 MB capacity,    48.48 MB ( 99%) used,   601.61 KB (  1%) free+waste,   113.19 KB ( <1%) overhead. 

Virtual space:
  Non-class space:       44.00 MB reserved,      42.70 MB ( 97%) committed 
      Class space:        1.00 GB reserved,       6.62 MB ( <1%) committed 
             Both:        1.04 GB reserved,      49.33 MB (  5%) committed 

Chunk freelists:
   Non-Class:  21.00 KB
       Class:  2.00 KB
        Both:  23.00 KB

MaxMetaspaceSize: 17179869184.00 GB
CompressedClassSpaceSize: 1.00 GB

CodeHeap 'non-profiled nmethods': size=120000Kb used=2537Kb max_used=3307Kb free=117462Kb
 bounds [0x0000000011f60000, 0x00000000122a0000, 0x0000000019490000]
CodeHeap 'profiled nmethods': size=120000Kb used=7760Kb max_used=9706Kb free=112239Kb
 bounds [0x000000000aa30000, 0x000000000b3b0000, 0x0000000011f60000]
CodeHeap 'non-nmethods': size=5760Kb used=1439Kb max_used=1471Kb free=4320Kb
 bounds [0x000000000a490000, 0x000000000a700000, 0x000000000aa30000]
 total_blobs=4321 nmethods=3551 adapters=682
 compilation: enabled
              stopped_count=0, restarted_count=0
 full_count=0

Compilation events (20 events):
Event: 9.035 Thread 0x0000000020908e90 4187       3       java.util.concurrent.locks.ReentrantLock::unlock (10 bytes)
Event: 9.035 Thread 0x0000000020908e90 nmethod 4187 0x000000000ab13390 code [0x000000000ab13540, 0x000000000ab137f8]
Event: 9.040 Thread 0x00000000237bfb40 4188       4       jdk.internal.loader.URLClassPath$JarLoader$2::getInputStream (15 bytes)
Event: 9.040 Thread 0x00000000209082f0 4189   !   4       java.util.jar.JarFile$JarFileEntry::getCodeSigners (81 bytes)
Event: 9.040 Thread 0x00000000237bfb40 nmethod 4188 0x0000000011f60d90 code [0x0000000011f60f20, 0x0000000011f60fc8]
Event: 9.042 Thread 0x00000000209082f0 nmethod 4189 0x000000001210ab90 code [0x000000001210ad20, 0x000000001210af08]
Event: 9.051 Thread 0x0000000020908e90 4190       3       org.neo4j.logging.AbstractLog::<init> (5 bytes)
Event: 9.051 Thread 0x0000000020908e90 nmethod 4190 0x000000000ab68910 code [0x000000000ab68aa0, 0x000000000ab68bf8]
Event: 9.146 Thread 0x0000000020908e90 4191       3       java.util.regex.Pattern$Slice::match (79 bytes)
Event: 9.146 Thread 0x0000000020908e90 nmethod 4191 0x000000000ab0e190 code [0x000000000ab0e360, 0x000000000ab0e7d8]
Event: 9.205 Thread 0x0000000020908e90 4192       3       java.net.NetworkInterface$1::hasMoreElements (18 bytes)
Event: 9.205 Thread 0x0000000020908e90 nmethod 4192 0x000000000abfe510 code [0x000000000abfe6a0, 0x000000000abfe818]
Event: 9.333 Thread 0x0000000020908e90 4193       3       sun.management.spi.PlatformMBeanProvider$PlatformComponent::getMBeans (87 bytes)
Event: 9.334 Thread 0x0000000020908e90 nmethod 4193 0x000000000ab1f710 code [0x000000000ab1fa80, 0x000000000ab21158]
Event: 9.346 Thread 0x0000000020908e90 4194       3       java.util.concurrent.locks.ReentrantLock$NonfairSync::initialTryLock (58 bytes)
Event: 9.347 Thread 0x0000000020908e90 nmethod 4194 0x000000000ab35b10 code [0x000000000ab35ce0, 0x000000000ab360b8]
Event: 9.347 Thread 0x0000000020908e90 4195       3       java.util.concurrent.locks.ReentrantLock::lock (8 bytes)
Event: 9.347 Thread 0x0000000020908e90 nmethod 4195 0x000000000aca6210 code [0x000000000aca63c0, 0x000000000aca6658]
Event: 9.347 Thread 0x0000000020908e90 4196       3       java.util.concurrent.locks.ReentrantLock$Sync::lock (13 bytes)
Event: 9.347 Thread 0x0000000020908e90 nmethod 4196 0x000000000ae79b10 code [0x000000000ae79cc0, 0x000000000ae79ef8]

GC Heap History (20 events):
Event: 2.260 GC heap before
{Heap before GC invocations=4 (full 0):
 garbage-first heap   total 129024K, used 98245K [0x0000000082a00000, 0x0000000100000000)
  region size 1024K, 75 young (76800K), 1 survivors (1024K)
 Metaspace       used 6184K, capacity 7498K, committed 7680K, reserved 1056768K
  class space    used 509K, capacity 642K, committed 768K, reserved 1048576K
}
Event: 2.264 GC heap after
{Heap after GC invocations=5 (full 0):
 garbage-first heap   total 129024K, used 13551K [0x0000000082a00000, 0x0000000100000000)
  region size 1024K, 4 young (4096K), 4 survivors (4096K)
 Metaspace       used 6184K, capacity 7498K, committed 7680K, reserved 1056768K
  class space    used 509K, capacity 642K, committed 768K, reserved 1048576K
}
Event: 4.986 GC heap before
{Heap before GC invocations=5 (full 0):
 garbage-first heap   total 129024K, used 89327K [0x0000000082a00000, 0x0000000100000000)
  region size 1024K, 75 young (76800K), 4 survivors (4096K)
 Metaspace       used 20827K, capacity 21189K, committed 21248K, reserved 1069056K
  class space    used 2371K, capacity 2507K, committed 2560K, reserved 1048576K
}
Event: 4.995 GC heap after
{Heap after GC invocations=6 (full 0):
 garbage-first heap   total 129024K, used 17660K [0x0000000082a00000, 0x0000000100000000)
  region size 1024K, 9 young (9216K), 9 survivors (9216K)
 Metaspace       used 20827K, capacity 21189K, committed 21248K, reserved 1069056K
  class space    used 2371K, capacity 2507K, committed 2560K, reserved 1048576K
}
Event: 5.018 GC heap before
{Heap before GC invocations=6 (full 0):
 garbage-first heap   total 129024K, used 17660K [0x0000000082a00000, 0x0000000100000000)
  region size 1024K, 10 young (10240K), 9 survivors (9216K)
 Metaspace       used 20924K, capacity 21243K, committed 21296K, reserved 1069056K
  class space    used 2385K, capacity 2523K, committed 2560K, reserved 1048576K
}
Event: 5.025 GC heap after
{Heap after GC invocations=7 (full 0):
 garbage-first heap   total 129024K, used 18393K [0x0000000082a00000, 0x0000000100000000)
  region size 1024K, 6 young (6144K), 6 survivors (6144K)
 Metaspace       used 20924K, capacity 21243K, committed 21296K, reserved 1069056K
  class space    used 2385K, capacity 2523K, committed 2560K, reserved 1048576K
}
Event: 6.143 GC heap before
{Heap before GC invocations=8 (full 0):
 garbage-first heap   total 68608K, used 53209K [0x0000000082a00000, 0x0000000100000000)
  region size 1024K, 40 young (40960K), 6 survivors (6144K)
 Metaspace       used 28817K, capacity 29175K, committed 29312K, reserved 1075200K
  class space    used 3528K, capacity 3686K, committed 3712K, reserved 1048576K
}
Event: 6.158 GC heap after
{Heap after GC invocations=9 (full 0):
 garbage-first heap   total 68608K, used 22627K [0x0000000082a00000, 0x0000000100000000)
  region size 1024K, 5 young (5120K), 5 survivors (5120K)
 Metaspace       used 28817K, capacity 29175K, committed 29312K, reserved 1075200K
  class space    used 3528K, capacity 3686K, committed 3712K, reserved 1048576K
}
Event: 6.731 GC heap before
{Heap before GC invocations=9 (full 0):
 garbage-first heap   total 68608K, used 50275K [0x0000000082a00000, 0x0000000100000000)
  region size 1024K, 32 young (32768K), 5 survivors (5120K)
 Metaspace       used 34180K, capacity 34555K, committed 34816K, reserved 1079296K
  class space    used 4369K, capacity 4519K, committed 4608K, reserved 1048576K
}
Event: 6.752 GC heap after
{Heap after GC invocations=10 (full 0):
 garbage-first heap   total 103424K, used 23950K [0x0000000082a00000, 0x0000000100000000)
  region size 1024K, 2 young (2048K), 2 survivors (2048K)
 Metaspace       used 34180K, capacity 34555K, committed 34816K, reserved 1079296K
  class space    used 4369K, capacity 4519K, committed 4608K, reserved 1048576K
}
Event: 6.968 GC heap before
{Heap before GC invocations=10 (full 0):
 garbage-first heap   total 103424K, used 39310K [0x0000000082a00000, 0x0000000100000000)
  region size 1024K, 18 young (18432K), 2 survivors (2048K)
 Metaspace       used 35340K, capacity 35859K, committed 35920K, reserved 1081344K
  class space    used 4514K, capacity 4693K, committed 4736K, reserved 1048576K
}
Event: 6.972 GC heap after
{Heap after GC invocations=11 (full 0):
 garbage-first heap   total 103424K, used 23643K [0x0000000082a00000, 0x0000000100000000)
  region size 1024K, 2 young (2048K), 2 survivors (2048K)
 Metaspace       used 35340K, capacity 35859K, committed 35920K, reserved 1081344K
  class space    used 4514K, capacity 4693K, committed 4736K, reserved 1048576K
}
Event: 7.535 GC heap before
{Heap before GC invocations=12 (full 0):
 garbage-first heap   total 89088K, used 75867K [0x0000000082a00000, 0x0000000100000000)
  region size 1024K, 52 young (53248K), 2 survivors (2048K)
 Metaspace       used 41188K, capacity 41803K, committed 41936K, reserved 1085440K
  class space    used 5350K, capacity 5580K, committed 5632K, reserved 1048576K
}
Event: 7.539 GC heap after
{Heap after GC invocations=13 (full 0):
 garbage-first heap   total 89088K, used 26385K [0x0000000082a00000, 0x0000000100000000)
  region size 1024K, 3 young (3072K), 3 survivors (3072K)
 Metaspace       used 41188K, capacity 41803K, committed 41936K, reserved 1085440K
  class space    used 5350K, capacity 5580K, committed 5632K, reserved 1048576K
}
Event: 7.607 GC heap before
{Heap before GC invocations=13 (full 0):
 garbage-first heap   total 89088K, used 74513K [0x0000000082a00000, 0x0000000100000000)
  region size 1024K, 45 young (46080K), 3 survivors (3072K)
 Metaspace       used 41194K, capacity 41807K, committed 41936K, reserved 1085440K
  class space    used 5350K, capacity 5580K, committed 5632K, reserved 1048576K
}
Event: 7.611 GC heap after
{Heap after GC invocations=14 (full 0):
 garbage-first heap   total 89088K, used 28584K [0x0000000082a00000, 0x0000000100000000)
  region size 1024K, 5 young (5120K), 5 survivors (5120K)
 Metaspace       used 41194K, capacity 41807K, committed 41936K, reserved 1085440K
  class space    used 5350K, capacity 5580K, committed 5632K, reserved 1048576K
}
Event: 7.686 GC heap before
{Heap before GC invocations=14 (full 0):
 garbage-first heap   total 89088K, used 78760K [0x0000000082a00000, 0x0000000100000000)
  region size 1024K, 45 young (46080K), 5 survivors (5120K)
 Metaspace       used 41205K, capacity 41807K, committed 41936K, reserved 1085440K
  class space    used 5350K, capacity 5580K, committed 5632K, reserved 1048576K
}
Event: 7.690 GC heap after
{Heap after GC invocations=15 (full 0):
 garbage-first heap   total 89088K, used 31140K [0x0000000082a00000, 0x0000000100000000)
  region size 1024K, 3 young (3072K), 3 survivors (3072K)
 Metaspace       used 41205K, capacity 41807K, committed 41936K, reserved 1085440K
  class space    used 5350K, capacity 5580K, committed 5632K, reserved 1048576K
}
Event: 8.740 GC heap before
{Heap before GC invocations=15 (full 0):
 garbage-first heap   total 89088K, used 69028K [0x0000000082a00000, 0x0000000100000000)
  region size 1024K, 40 young (40960K), 3 survivors (3072K)
 Metaspace       used 49114K, capacity 49880K, committed 50000K, reserved 1093632K
  class space    used 6412K, capacity 6686K, committed 6784K, reserved 1048576K
}
Event: 8.742 GC heap after
{Heap after GC invocations=16 (full 0):
 garbage-first heap   total 89088K, used 29566K [0x0000000082a00000, 0x0000000100000000)
  region size 1024K, 5 young (5120K), 5 survivors (5120K)
 Metaspace       used 49114K, capacity 49880K, committed 50000K, reserved 1093632K
  class space    used 6412K, capacity 6686K, committed 6784K, reserved 1048576K
}

Deoptimization events (20 events):
Event: 8.874 Thread 0x0000000002252b00 DEOPT PACKING pc=0x000000000b31e1cb sp=0x0000000001a2e1f0
Event: 8.874 Thread 0x0000000002252b00 DEOPT UNPACKING pc=0x000000000a4de23f sp=0x0000000001a2d748 mode 0
Event: 8.893 Thread 0x0000000002252b00 DEOPT PACKING pc=0x000000000b31e1cb sp=0x0000000001a2d930
Event: 8.893 Thread 0x0000000002252b00 DEOPT UNPACKING pc=0x000000000a4de23f sp=0x0000000001a2ce88 mode 0
Event: 8.902 Thread 0x0000000002252b00 DEOPT PACKING pc=0x000000000b31e1cb sp=0x0000000001a2d9d0
Event: 8.902 Thread 0x0000000002252b00 DEOPT UNPACKING pc=0x000000000a4de23f sp=0x0000000001a2cf28 mode 0
Event: 8.908 Thread 0x0000000002252b00 DEOPT PACKING pc=0x000000000b31e1cb sp=0x0000000001a2d9d0
Event: 8.908 Thread 0x0000000002252b00 DEOPT UNPACKING pc=0x000000000a4de23f sp=0x0000000001a2cf28 mode 0
Event: 8.943 Thread 0x0000000002252b00 Uncommon trap: trap_request=0xffffffde fr.pc=0x00000000121ead4c relative=0x000000000000028c
Event: 8.943 Thread 0x0000000002252b00 Uncommon trap: reason=class_check action=maybe_recompile pc=0x00000000121ead4c method=java.util.regex.Pattern$BmpCharPredicate.lambda$union$2(Ljava/util/regex/Pattern$CharPredicate;I)Z @ 12 c2
Event: 8.943 Thread 0x0000000002252b00 DEOPT PACKING pc=0x00000000121ead4c sp=0x0000000001a2dc40
Event: 8.943 Thread 0x0000000002252b00 DEOPT UNPACKING pc=0x000000000a4de42f sp=0x0000000001a2db68 mode 2
Event: 8.970 Thread 0x0000000002252b00 DEOPT PACKING pc=0x000000000b30d8af sp=0x0000000001a2d750
Event: 8.970 Thread 0x0000000002252b00 DEOPT UNPACKING pc=0x000000000a4de23f sp=0x0000000001a2cc30 mode 0
Event: 8.970 Thread 0x0000000002252b00 DEOPT PACKING pc=0x000000000b30a824 sp=0x0000000001a2d700
Event: 8.970 Thread 0x0000000002252b00 DEOPT UNPACKING pc=0x000000000a4de23f sp=0x0000000001a2cc30 mode 0
Event: 9.049 Thread 0x0000000002252b00 Uncommon trap: trap_request=0xffffff45 fr.pc=0x0000000011fb90c4 relative=0x00000000000000a4
Event: 9.049 Thread 0x0000000002252b00 Uncommon trap: reason=unstable_if action=reinterpret pc=0x0000000011fb90c4 method=java.lang.CharacterDataLatin1.digit(II)I @ 12 c2
Event: 9.049 Thread 0x0000000002252b00 DEOPT PACKING pc=0x0000000011fb90c4 sp=0x0000000001a2e660
Event: 9.049 Thread 0x0000000002252b00 DEOPT UNPACKING pc=0x000000000a4de42f sp=0x0000000001a2e5d8 mode 2

Classes unloaded (0 events):
No events

Classes redefined (0 events):
No events

Internal exceptions (20 events):
Event: 8.856 Thread 0x0000000002252b00 Exception <a 'sun/nio/fs/WindowsException'{0x000000008a7e5e68}> (0x000000008a7e5e68) 
thrown [./open/src/hotspot/share/prims/jni.cpp, line 578]
Event: 8.856 Thread 0x0000000002252b00 Exception <a 'sun/nio/fs/WindowsException'{0x000000008a7e6168}> (0x000000008a7e6168) 
thrown [./open/src/hotspot/share/prims/jni.cpp, line 578]
Event: 8.863 Thread 0x0000000002252b00 Exception <a 'java/lang/NullPointerException'{0x0000000087f60670}> (0x0000000087f60670) 
thrown [./open/src/hotspot/share/interpreter/linkResolver.cpp, line 1374]
Event: 8.863 Thread 0x0000000002252b00 Exception <a 'java/lang/reflect/InvocationTargetException'{0x0000000087f60bf0}> (0x0000000087f60bf0) 
thrown [./open/src/hotspot/share/runtime/reflection.cpp, line 1157]
Event: 8.863 Thread 0x0000000002252b00 Exception <a 'java/lang/reflect/InvocationTargetException'{0x0000000087f62468}> (0x0000000087f62468) 
thrown [./open/src/hotspot/share/runtime/reflection.cpp, line 1157]
Event: 8.865 Thread 0x0000000002252b00 Exception <a 'sun/nio/fs/WindowsException'{0x0000000087f86bc0}> (0x0000000087f86bc0) 
thrown [./open/src/hotspot/share/prims/jni.cpp, line 578]
Event: 8.866 Thread 0x0000000002252b00 Exception <a 'sun/nio/fs/WindowsException'{0x0000000087f88540}> (0x0000000087f88540) 
thrown [./open/src/hotspot/share/prims/jni.cpp, line 578]
Event: 8.866 Thread 0x0000000002252b00 Exception <a 'sun/nio/fs/WindowsException'{0x0000000087f89ec0}> (0x0000000087f89ec0) 
thrown [./open/src/hotspot/share/prims/jni.cpp, line 578]
Event: 8.867 Thread 0x0000000002252b00 Exception <a 'sun/nio/fs/WindowsException'{0x0000000087f8b840}> (0x0000000087f8b840) 
thrown [./open/src/hotspot/share/prims/jni.cpp, line 578]
Event: 8.867 Thread 0x0000000002252b00 Exception <a 'sun/nio/fs/WindowsException'{0x0000000087f8d1d0}> (0x0000000087f8d1d0) 
thrown [./open/src/hotspot/share/prims/jni.cpp, line 578]
Event: 8.867 Thread 0x0000000002252b00 Exception <a 'sun/nio/fs/WindowsException'{0x0000000087f8d4d0}> (0x0000000087f8d4d0) 
thrown [./open/src/hotspot/share/prims/jni.cpp, line 578]
Event: 8.867 Thread 0x0000000002252b00 Exception <a 'sun/nio/fs/WindowsException'{0x0000000087f8e038}> (0x0000000087f8e038) 
thrown [./open/src/hotspot/share/prims/jni.cpp, line 578]
Event: 8.868 Thread 0x0000000002252b00 Exception <a 'sun/nio/fs/WindowsException'{0x0000000087f8e338}> (0x0000000087f8e338) 
thrown [./open/src/hotspot/share/prims/jni.cpp, line 578]
Event: 8.870 Thread 0x0000000002252b00 Exception <a 'sun/nio/fs/WindowsException'{0x0000000087fb5f00}> (0x0000000087fb5f00) 
thrown [./open/src/hotspot/share/prims/jni.cpp, line 578]
Event: 8.870 Thread 0x0000000002252b00 Exception <a 'sun/nio/fs/WindowsException'{0x0000000087fb6230}> (0x0000000087fb6230) 
thrown [./open/src/hotspot/share/prims/jni.cpp, line 578]
Event: 8.870 Thread 0x0000000002252b00 Exception <a 'sun/nio/fs/WindowsException'{0x0000000087fb7250}> (0x0000000087fb7250) 
thrown [./open/src/hotspot/share/prims/jni.cpp, line 578]
Event: 8.877 Thread 0x0000000002252b00 Exception <a 'sun/nio/fs/WindowsException'{0x0000000087e424a8}> (0x0000000087e424a8) 
thrown [./open/src/hotspot/share/prims/jni.cpp, line 578]
Event: 8.877 Thread 0x0000000002252b00 Exception <a 'sun/nio/fs/WindowsException'{0x0000000087e42830}> (0x0000000087e42830) 
thrown [./open/src/hotspot/share/prims/jni.cpp, line 578]
Event: 8.974 Thread 0x0000000002252b00 Exception <a 'sun/nio/fs/WindowsException'{0x000000008773d778}> (0x000000008773d778) 
thrown [./open/src/hotspot/share/prims/jni.cpp, line 578]
Event: 8.974 Thread 0x0000000002252b00 Exception <a 'sun/nio/fs/WindowsException'{0x000000008773db38}> (0x000000008773db38) 
thrown [./open/src/hotspot/share/prims/jni.cpp, line 578]

Events (20 events):
Event: 8.962 Thread 0x0000000021a90060 flushing nmethod 0x000000000b273690
Event: 8.962 Thread 0x0000000021a90060 flushing nmethod 0x000000000b28e790
Event: 8.962 Thread 0x0000000021a90060 flushing nmethod 0x000000000b28f590
Event: 8.962 Thread 0x0000000021a90060 flushing nmethod 0x000000000b298110
Event: 8.962 Thread 0x0000000021a90060 flushing nmethod 0x000000000b29f490
Event: 8.962 Thread 0x0000000021a90060 flushing nmethod 0x000000000b2a5f10
Event: 8.962 Thread 0x0000000021a90060 flushing nmethod 0x000000000b2a6c10
Event: 8.962 Thread 0x0000000021a90060 flushing nmethod 0x000000000b2ab290
Event: 8.962 Thread 0x0000000021a90060 flushing nmethod 0x000000000b2ac610
Event: 8.962 Thread 0x0000000021a90060 flushing nmethod 0x000000000b2b1090
Event: 8.962 Thread 0x0000000021a90060 flushing nmethod 0x000000000b2f7610
Event: 8.962 Thread 0x0000000021a90060 flushing nmethod 0x000000000b319f90
Event: 8.962 Thread 0x0000000021a90060 flushing nmethod 0x000000000b31ca10
Event: 9.145 loading class java/io/FileReader
Event: 9.145 loading class java/io/FileReader done
Event: 9.146 Thread 0x00000000237bfb40 Thread exited: 0x00000000237bfb40
Event: 9.236 Thread 0x0000000025d47cc0 Thread added: 0x0000000025d47cc0
Event: 9.236 Thread 0x0000000025d47cc0 Thread exited: 0x0000000025d47cc0
Event: 9.248 Thread 0x0000000025d43e30 Thread added: 0x0000000025d43e30
Event: 9.348 Executing VM operation: HandshakeAllThreads


Dynamic libraries:
0x00007ff6ac010000 - 0x00007ff6ac030000 	C:\PS\PSR\2czesc\ostatnilab\neo4j-community-4.2.7\bin\tools\prunsrv-amd64.exe
0x00007ffbb5a50000 - 0x00007ffbb5c45000 	C:\WINDOWS\SYSTEM32\ntdll.dll
0x00007ffbb3f30000 - 0x00007ffbb3fed000 	C:\WINDOWS\System32\KERNEL32.DLL
0x00007ffbb37f0000 - 0x00007ffbb3ab8000 	C:\WINDOWS\System32\KERNELBASE.dll
0x00007ffbb5010000 - 0x00007ffbb50bc000 	C:\WINDOWS\System32\ADVAPI32.dll
0x00007ffbb50c0000 - 0x00007ffbb515e000 	C:\WINDOWS\System32\msvcrt.dll
0x00007ffbb4ab0000 - 0x00007ffbb4b4b000 	C:\WINDOWS\System32\sechost.dll
0x00007ffbb4ee0000 - 0x00007ffbb500b000 	C:\WINDOWS\System32\RPCRT4.dll
0x00007ffbb4340000 - 0x00007ffbb4a7f000 	C:\WINDOWS\System32\SHELL32.dll
0x00007ffbb36c0000 - 0x00007ffbb375d000 	C:\WINDOWS\System32\msvcp_win.dll
0x00007ffbb35c0000 - 0x00007ffbb36c0000 	C:\WINDOWS\System32\ucrtbase.dll
0x00007ffbb5250000 - 0x00007ffbb53f0000 	C:\WINDOWS\System32\USER32.dll
0x00007ffbb3590000 - 0x00007ffbb35b2000 	C:\WINDOWS\System32\win32u.dll
0x00007ffbb4120000 - 0x00007ffbb414a000 	C:\WINDOWS\System32\GDI32.dll
0x00007ffbb3190000 - 0x00007ffbb329b000 	C:\WINDOWS\System32\gdi32full.dll
0x00007ffbb4150000 - 0x00007ffbb41fe000 	C:\WINDOWS\System32\shcore.dll
0x00007ffbb55d0000 - 0x00007ffbb5925000 	C:\WINDOWS\System32\combase.dll
0x00007ffb93b60000 - 0x00007ffb946be000 	C:\Program Files\Java\jdk-15.0.2\bin\server\jvm.dll
0x00007ffbb4e60000 - 0x00007ffbb4e68000 	C:\WINDOWS\System32\PSAPI.DLL
0x00007ffbb0790000 - 0x00007ffbb0799000 	C:\WINDOWS\SYSTEM32\WSOCK32.dll
0x00007ffbb4e70000 - 0x00007ffbb4edb000 	C:\WINDOWS\System32\WS2_32.dll
0x00007ffba2760000 - 0x00007ffba2787000 	C:\WINDOWS\SYSTEM32\WINMM.dll
0x00007ffbaa670000 - 0x00007ffbaa67a000 	C:\WINDOWS\SYSTEM32\VERSION.dll
0x00007ffb9d3d0000 - 0x00007ffb9d3ea000 	C:\WINDOWS\SYSTEM32\VCRUNTIME140.dll
0x00007ffba4ce0000 - 0x00007ffba4cec000 	C:\WINDOWS\SYSTEM32\VCRUNTIME140_1.dll
0x00007ffb958d0000 - 0x00007ffb958da000 	C:\Program Files\Java\jdk-15.0.2\bin\jimage.dll
0x00007ffbb1780000 - 0x00007ffbb1964000 	C:\WINDOWS\SYSTEM32\DBGHELP.DLL
0x00007ffba48f0000 - 0x00007ffba491c000 	C:\WINDOWS\SYSTEM32\dbgcore.DLL
0x00007ffbb3760000 - 0x00007ffbb37e3000 	C:\WINDOWS\System32\bcryptPrimitives.dll
0x00007ffb958a0000 - 0x00007ffb958c5000 	C:\Program Files\Java\jdk-15.0.2\bin\java.dll
0x00007ffbb1a60000 - 0x00007ffbb1a72000 	C:\WINDOWS\SYSTEM32\kernel.appcore.dll
0x00007ffbb0f20000 - 0x00007ffbb16b0000 	C:\WINDOWS\SYSTEM32\windows.storage.dll
0x00007ffbb2c00000 - 0x00007ffbb2c2c000 	C:\WINDOWS\SYSTEM32\Wldp.dll
0x00007ffbb4200000 - 0x00007ffbb4255000 	C:\WINDOWS\System32\shlwapi.dll
0x00007ffbb30d0000 - 0x00007ffbb30ef000 	C:\WINDOWS\SYSTEM32\profapi.dll
0x00007ffb90ae0000 - 0x00007ffb90af9000 	C:\Program Files\Java\jdk-15.0.2\bin\net.dll
0x00007ffbaebc0000 - 0x00007ffbaeccb000 	C:\WINDOWS\SYSTEM32\WINHTTP.dll
0x00007ffbb2970000 - 0x00007ffbb29da000 	C:\WINDOWS\system32\mswsock.dll
0x00007ffb90870000 - 0x00007ffb90882000 	C:\Program Files\Java\jdk-15.0.2\bin\nio.dll
0x00007ffb90850000 - 0x00007ffb90868000 	C:\Program Files\Java\jdk-15.0.2\bin\zip.dll
0x00007ffb8f050000 - 0x00007ffb8f059000 	C:\Program Files\Java\jdk-15.0.2\bin\management.dll
0x00007ffb8ec30000 - 0x00007ffb8ec3b000 	C:\Program Files\Java\jdk-15.0.2\bin\management_ext.dll
0x00007ffbad8e0000 - 0x00007ffbad8f7000 	C:\WINDOWS\system32\napinsp.dll
0x00007ffbaccf0000 - 0x00007ffbacd0b000 	C:\WINDOWS\system32\pnrpnsp.dll
0x00007ffbadca0000 - 0x00007ffbadcb5000 	C:\WINDOWS\system32\wshbth.dll
0x00007ffbae860000 - 0x00007ffbae87d000 	C:\WINDOWS\system32\NLAapi.dll
0x00007ffbb2610000 - 0x00007ffbb264b000 	C:\WINDOWS\SYSTEM32\IPHLPAPI.DLL
0x00007ffbb2660000 - 0x00007ffbb272c000 	C:\WINDOWS\SYSTEM32\DNSAPI.dll
0x00007ffbb5230000 - 0x00007ffbb5238000 	C:\WINDOWS\System32\NSI.dll
0x00007ffbac340000 - 0x00007ffbac352000 	C:\WINDOWS\System32\winrnr.dll
0x00007ffbaeb10000 - 0x00007ffbaeb1a000 	C:\Windows\System32\rasadhlp.dll
0x00007ffba3f50000 - 0x00007ffba3fcf000 	C:\WINDOWS\System32\fwpuclnt.dll
0x00007ffbb3560000 - 0x00007ffbb3587000 	C:\WINDOWS\System32\bcrypt.dll
0x00007ffbb2b40000 - 0x00007ffbb2b58000 	C:\WINDOWS\SYSTEM32\CRYPTSP.dll
0x00007ffbb22a0000 - 0x00007ffbb22d4000 	C:\WINDOWS\system32\rsaenh.dll
0x00007ffbb2b60000 - 0x00007ffbb2b6c000 	C:\WINDOWS\SYSTEM32\CRYPTBASE.dll
0x00007ffba9d10000 - 0x00007ffba9d27000 	C:\WINDOWS\SYSTEM32\dhcpcsvc6.DLL
0x00007ffba9c50000 - 0x00007ffba9c6d000 	C:\WINDOWS\SYSTEM32\dhcpcsvc.DLL
0x00007ffb8e390000 - 0x00007ffb8e3d1000 	C:\Windows\Temp\jna-347985514\jna4096869612214153665.dll
0x00007ffb8e8d0000 - 0x00007ffb8e8e0000 	C:\Program Files\Java\jdk-15.0.2\bin\verify.dll

dbghelp: loaded successfully - version: 4.0.5 - missing functions: none
symbol engine: initialized successfully - sym options: 0x614 - pdb path: .;C:\PS\PSR\2czesc\ostatnilab\neo4j-community-4.2.7\bin\tools;C:\WINDOWS\SYSTEM32;C:\Program Files\Java\jdk-15.0.2\bin\server;C:\Program Files\Java\jdk-15.0.2\bin;C:\Windows\Temp\jna-347985514

VM Arguments:
jvm_args: -XX:+UnlockExperimentalVMOptions -Djdk.tls.rejectClientInitiatedRenegotiation=true -XX:+UseG1GC -XX:-UseBiasedLocking -XX:+TrustFinalNonStaticFields -Dlog4j2.disable.jmx=true -XX:FlightRecorderOptions=stackdepth=256 -XX:+AlwaysPreTouch -XX:+UnlockDiagnosticVMOptions -Djdk.tls.ephemeralDHKeySize=2048 -Djdk.nio.maxCachedBufferSize=262144 -Dio.netty.tryReflectionSetAccessible=true -XX:-OmitStackTraceInFastThrow -XX:+DebugNonSafepoints -XX:+DisableExplicitGC -XX:MaxInlineLevel=15 -Dfile.encoding=UTF-8 exit abort 
java_command: <unknown>
java_class_path (initial): lib/annotations-4.2.7.jar;lib/bcpkix-jdk15on-1.68.jar;lib/bcprov-jdk15on-1.68.jar;lib/caffeine-2.8.5.jar;lib/commons-beanutils-1.9.4.jar;lib/commons-collections-3.2.2.jar;lib/commons-compress-1.20.jar;lib/commons-exec-1.3.jar;lib/commons-io-2.7.jar;lib/commons-lang3-3.11.jar;lib/commons-logging-1.2.jar;lib/commons-text-1.9.jar;lib/cypher-ast-factory-4.2.7.jar;lib/eclipse-collections-10.3.0.jar;lib/eclipse-collections-api-10.3.0.jar;lib/FastInfoset-1.2.16.jar;lib/hk2-api-2.6.1.jar;lib/hk2-locator-2.6.1.jar;lib/hk2-utils-2.6.1.jar;lib/istack-commons-runtime-3.0.8.jar;lib/jackson-annotations-2.11.3.jar;lib/jackson-core-2.11.3.jar;lib/jackson-databind-2.11.3.jar;lib/jackson-jaxrs-base-2.11.3.jar;lib/jackson-jaxrs-json-provider-2.11.3.jar;lib/jackson-module-jaxb-annotations-2.11.3.jar;lib/jakarta.activation-1.2.2.jar;lib/jakarta.activation-api-1.2.1.jar;lib/jakarta.annotation-api-1.3.5.jar;lib/jakarta.inject-2.6.1.jar;lib/jakarta.validation-api-2.0.2.jar;lib/jakarta.ws.rs-api-2.1.6.jar;lib/jakarta.xml.bind-api-2.3.3.jar;lib/jamm-0.3.3.jar;lib/javassist-3.25.0-GA.jar;lib/javax.servlet-api-3.1.0.jar;lib/javax.ws.rs-api-2.1.1.jar;lib/jaxb-api-2.3.0.jar;lib/jaxb-runtime-2.3.2.jar;lib/jctools-core-3.1.0.jar;lib/jersey-client-2.32.jar;lib/jersey-common-2.32.jar;lib/jersey-container-servlet-2.32.jar;lib/jersey-container-servlet-core-2.32.jar;lib/jersey-hk2-2.32.jar;lib/jersey-media-jaxb-2.32.jar;lib/jersey-server-2.32.jar;lib/jettison-1.4.1.jar;lib/jetty-http-9.4.39.v20210325.jar;lib/jetty-io-9.4.39.v20210325.jar;lib/jetty-security-9.4.39.v20210325.jar;lib/jetty-server-9.4.39.v20210325.jar;lib/jetty-servlet-9.4.39.v20210325.jar;lib/jetty-util-9.4.39.v20210325.jar;lib/jetty-webapp-9.4.39.v20210325.jar;lib/jetty-xml-9.4.39.v20210325.jar;lib/jna-5.6.0.jar;lib/jPowerShell-3.0.jar;lib/jProcesses-1.6.5.jar;lib/lucene-analyzers-common-8.5.1.jar;lib/lucene-backward-codecs-8.5.1.jar;lib/lucene-core-8.5.1.jar;lib/lucene-queryparser-8.5.1.jar;lib/neo4j-4.2.7.j
Launcher Type: generic

[Global flags]
     bool AlwaysPreTouch                           = true                                      {product} {command line}
     intx CICompilerCount                          = 3                                         {product} {ergonomic}
     uint ConcGCThreads                            = 1                                         {product} {ergonomic}
     bool DebugNonSafepoints                       = true                                   {diagnostic} {command line}
     bool DisableExplicitGC                        = true                                      {product} {command line}
    ccstr FlightRecorderOptions                    = stackdepth=256                            {product} {command line}
     uint G1ConcRefinementThreads                  = 4                                         {product} {ergonomic}
   size_t G1HeapRegionSize                         = 1048576                                   {product} {ergonomic}
    uintx GCDrainStackTargetSize                   = 64                                        {product} {ergonomic}
   size_t InitialHeapSize                          = 132120576                                 {product} {ergonomic}
   size_t MarkStackSize                            = 4194304                                   {product} {ergonomic}
   size_t MaxHeapSize                              = 2103443456                                {product} {ergonomic}
     intx MaxInlineLevel                           = 15                                     {C2 product} {command line}
   size_t MaxNewSize                               = 1261436928                                {product} {ergonomic}
   size_t MinHeapDeltaBytes                        = 1048576                                   {product} {ergonomic}
   size_t MinHeapSize                              = 8388608                                   {product} {ergonomic}
    uintx NonNMethodCodeHeapSize                   = 5832780                                {pd product} {ergonomic}
    uintx NonProfiledCodeHeapSize                  = 122912730                              {pd product} {ergonomic}
     bool OmitStackTraceInFastThrow                = false                                     {product} {command line}
    uintx ProfiledCodeHeapSize                     = 122912730                              {pd product} {ergonomic}
    uintx ReservedCodeCacheSize                    = 251658240                              {pd product} {ergonomic}
     bool SegmentedCodeCache                       = true                                      {product} {ergonomic}
   size_t SoftMaxHeapSize                          = 2103443456                             {manageable} {ergonomic}
     bool TrustFinalNonStaticFields                = true                                 {experimental} {command line}
     bool UnlockDiagnosticVMOptions                = true                                   {diagnostic} {command line}
     bool UnlockExperimentalVMOptions              = true                                 {experimental} {command line}
     bool UseBiasedLocking                         = false                                     {product} {command line}
     bool UseCompressedClassPointers               = true                                 {lp64_product} {ergonomic}
     bool UseCompressedOops                        = true                                 {lp64_product} {ergonomic}
     bool UseG1GC                                  = true                                      {product} {command line}
     bool UseLargePagesIndividualAllocation        = false                                  {pd product} {ergonomic}

Logging:
Log output configuration:
 #0: stdout all=warning uptime,level,tags
 #1: stderr all=off uptime,level,tags

Environment Variables:
JAVA_HOME=C:\Program Files\Java\jdk-15.0.2
PATH=C:\Program Files\Java\jdk-15.0.2\bin;C:\Program Files\Common Files\Oracle\Java\javapath;C:\Program Files\Java\jre1.8.0_202\bin;C:\Program Files\Java\jdk1.8.0_202\bin;C:\Program Files (x86)\Common Files\Oracle\Java\javapath;C:\Windows\system32;C:\Windows;C:\Windows\System32\Wbem;C:\Windows\System32\WindowsPowerShell\v1.0\;C:\Windows\System32\OpenSSH\;C:\Program Files (x86)\NVIDIA Corporation\PhysX\Common;C:\Program Files\NVIDIA Corporation\NVIDIA NvDLISR;C:\Program Files (x86)\IVI Foundation\VISA\WinNT\Bin;C:\Program Files (x86)\DevDesktop\tools;C:\Program Files (x86)\DevDesktop\drush_10;C:\WINDOWS\system32;C:\WINDOWS;C:\WINDOWS\System32\Wbem;C:\WINDOWS\System32\WindowsPowerShell\v1.0\;C:\WINDOWS\System32\OpenSSH\;C:\Program Files\Microsoft SQL Server\130\Tools\Binn\;C:\Program Files\Microsoft SQL Server\Client SDK\ODBC\170\Tools\Binn\;C:\Program Files\dotnet\;C:\Program Files\Git\cmd;C:\Program Files\Docker\Docker\resources\bin;C:\ProgramData\DockerDesktop\version-bin;C:\Program Files (x86)\nodejs\;C:\WINDOWS\system32\config\systemprofile\AppData\Local\Microsoft\WindowsApps
USERNAME=DESKTOP-2J7M3CI$
OS=Windows_NT
PROCESSOR_IDENTIFIER=Intel64 Family 6 Model 165 Stepping 2, GenuineIntel



---------------  S Y S T E M  ---------------

OS:
 Windows 10 , 64 bit Build 19041 (10.0.19041.1023)
OS uptime: 0 days 0:00 hours

CPU: total 4 (initial active 4) (4 cores per cpu, 2 threads per core) family 6 model 165 stepping 2 microcode 0xe0, cmov, cx8, fxsr, mmx, sse, sse2, sse3, ssse3, sse4.1, sse4.2, popcnt, vzeroupper, avx, avx2, aes, clmul, erms, 3dnowpref, lzcnt, ht, tsc, tscinvbit, bmi1, bmi2, adx, fma, clflush, clflushopt

Memory: 4k page, system-wide physical 8023M (5612M free)
TotalPageFile size 22359M (AvailPageFile size 18864M)
current process WorkingSet (physical memory assigned to process): 268M, peak: 274M
current process commit charge ("private bytes"): 300M, peak: 305M

vm_info: Java HotSpot(TM) 64-Bit Server VM (15.0.2+7-27) for windows-amd64 JRE (15.0.2+7-27), built on Dec  7 2020 20:07:01 by "mach5one" with unknown MS VC++:1925

END.
