[2021-06-15 02:08:20] [info]  [13828] Apache Commons Daemon procrun (1.2.0.0 64-bit) started.
[2021-06-15 02:08:20] [info]  [13828] Starting service 'neo4j'...
[2021-06-15 02:08:20] [info]  [12392] Apache Commons Daemon procrun (1.2.0.0 64-bit) started.
[2021-06-15 02:08:20] [info]  [12392] Running Service 'neo4j'...
[2021-06-15 02:08:20] [info]  [ 6160] Starting service...
[2021-06-15 02:08:21] [info]  [ 6160] Service started in 1284 milliseconds.
[2021-06-15 02:08:23] [info]  [13828] Started service 'neo4j'.
[2021-06-15 02:08:23] [info]  [13828] Finished starting service 'neo4j', returning 1.
[2021-06-15 02:08:23] [info]  [13828] Apache Commons Daemon procrun finished.
[2021-06-15 02:09:58] [info]  [  488] Console SHUTDOWN event signaled.
[2021-06-15 02:09:58] [info]  [  488] Stopping service...
[2021-06-15 02:10:27] [info]  [ 4644] Apache Commons Daemon procrun (1.2.0.0 64-bit) started.
[2021-06-15 02:10:27] [info]  [ 4644] Running Service 'neo4j'...
[2021-06-15 02:10:27] [info]  [ 6224] Starting service...
[2021-06-15 02:10:30] [info]  [ 6224] Service started in 2444 milliseconds.
[2021-06-15 02:10:31] [info]  [ 9076] Console SHUTDOWN event signaled.
[2021-06-15 02:10:31] [info]  [ 9076] Stopping service...
[2021-06-15 02:10:37] [info]  [ 9076] Service stop thread completed.
[2021-06-15 02:11:43] [info]  [ 5536] Apache Commons Daemon procrun (1.2.0.0 64-bit) started.
[2021-06-15 02:11:44] [info]  [ 5536] Running Service 'neo4j'...
[2021-06-15 02:11:44] [info]  [ 6420] Starting service...
[2021-06-15 02:11:46] [info]  [ 6420] Service started in 2072 milliseconds.
